\BOOKMARK [0][-]{chapter*.3}{Introduction}{}% 1
\BOOKMARK [0][-]{chapter.1}{Projet et t\342ches}{}% 2
\BOOKMARK [1][-]{section.1.1}{\311volution des robots}{chapter.1}% 3
\BOOKMARK [1][-]{section.1.2}{Objectifs de cette ann\351e}{chapter.1}% 4
\BOOKMARK [0][-]{chapter.2}{Pr\351sentation des interfaces et des outils de travail}{}% 5
\BOOKMARK [1][-]{section.2.1}{Les cartes \351lectroniques}{chapter.2}% 6
\BOOKMARK [1][-]{section.2.2}{Les servomoteurs}{chapter.2}% 7
\BOOKMARK [2][-]{subsection.2.2.1}{Les servomoteurs des roues}{section.2.2}% 8
\BOOKMARK [2][-]{subsection.2.2.2}{Le servomoteur pour lever le crayon}{section.2.2}% 9
\BOOKMARK [1][-]{section.2.3}{Les capteurs infrarouges}{chapter.2}% 10
\BOOKMARK [0][-]{chapter.3}{Le m\351canisme pour lever le crayon}{}% 11
\BOOKMARK [1][-]{section.3.1}{Id\351e de d\351part}{chapter.3}% 12
\BOOKMARK [1][-]{section.3.2}{Mod\351lisation sur Catia}{chapter.3}% 13
\BOOKMARK [1][-]{section.3.3}{Prototypes}{chapter.3}% 14
\BOOKMARK [0][-]{chapter.4}{Pr\351sentation des algorithmes }{}% 15
\BOOKMARK [1][-]{section.4.1}{Programmation pour lever le crayon}{chapter.4}% 16
\BOOKMARK [1][-]{section.4.2}{Programmation pour les toiles}{chapter.4}% 17
\BOOKMARK [1][-]{section.4.3}{Programmation pour les formes et lettres de l'alphabet}{chapter.4}% 18
\BOOKMARK [0][-]{chapter.5}{Probl\350mes rencontr\351s}{}% 19
\BOOKMARK [1][-]{section.5.1}{L'alimentation}{chapter.5}% 20
\BOOKMARK [1][-]{section.5.2}{Interf\351rence entre les pins}{chapter.5}% 21
\BOOKMARK [0][-]{chapter*.4}{Conclusion}{}% 22
\BOOKMARK [-1][-]{chapter*.5}{Annexes}{}% 23
\BOOKMARK [0][-]{appendix.A}{Liens utiles}{chapter*.5}% 24
\BOOKMARK [0][-]{appendix.B}{Nos r\351alisations}{chapter*.5}% 25
\BOOKMARK [0][-]{appendix.C}{Fiche de suivi de projet PeiP}{chapter*.5}% 26
