\BOOKMARK [0][-]{chapter*.2}{Introduction}{}% 1
\BOOKMARK [0][-]{chapter.1}{Vivamus non orci ac metus}{}% 2
\BOOKMARK [1][-]{section.1.1}{Cras felis erat, ornare id congue id}{chapter.1}% 3
\BOOKMARK [1][-]{section.1.2}{Suspendisse id dui ut odio scelerisque}{chapter.1}% 4
\BOOKMARK [1][-]{section.1.3}{Donec faucibus}{chapter.1}% 5
\BOOKMARK [0][-]{chapter.2}{Sed sed venenatis dui}{}% 6
\BOOKMARK [1][-]{section.2.1}{Phasellus felis metus}{chapter.2}% 7
\BOOKMARK [1][-]{section.2.2}{Aliquam eget orci et metus facilisis tincidunt}{chapter.2}% 8
\BOOKMARK [1][-]{section.2.3}{Cum sociis natoque penatibus}{chapter.2}% 9
\BOOKMARK [1][-]{section.2.4}{Lorem ipsum dolor sit amet, consectetur adipiscing elit}{chapter.2}% 10
\BOOKMARK [1][-]{section.2.5}{Aliquam eget orci et metus}{chapter.2}% 11
\BOOKMARK [0][-]{chapter.3}{Nam fringilla orci a ipsum auctor sit amet rutrum ante laoreet}{}% 12
\BOOKMARK [1][-]{section.3.1}{Duis ut tellus posuere est ullamcorper commodo sed ac ante}{chapter.3}% 13
\BOOKMARK [1][-]{section.3.2}{Cras euismod feugiat scelerisque}{chapter.3}% 14
\BOOKMARK [1][-]{section.3.3}{Morbi vulputate}{chapter.3}% 15
\BOOKMARK [1][-]{section.3.4}{Morbi accumsan magna vitae}{chapter.3}% 16
\BOOKMARK [1][-]{section.3.5}{Vestibulum ante ipsum primis}{chapter.3}% 17
\BOOKMARK [1][-]{section.3.6}{Fusce facilisis, turpis sed dignissim sagittis}{chapter.3}% 18
\BOOKMARK [1][-]{section.3.7}{Cum sociis natoque penatibus et magnis}{chapter.3}% 19
\BOOKMARK [0][-]{chapter*.3}{Conclusion}{}% 20
\BOOKMARK [-1][-]{chapter*.4}{Annexes}{}% 21
\BOOKMARK [0][-]{appendix.A}{Liens utiles}{chapter*.4}% 22
\BOOKMARK [0][-]{appendix.B}{Fiche de suivi de projet PeiP}{chapter*.4}% 23
